[INFO][2018-09-1123:02:34][org.springframework.beans.factory.xml.XmlBeanDefinitionReader]Loading XML bean definitions from class path resource [spring/spring-mybatis.xml]
[INFO][2018-09-1123:02:34][org.springframework.context.support.GenericApplicationContext]Refreshing org.springframework.context.support.GenericApplicationContext@7921b0a2: startup date [Tue Sep 11 23:02:34 CST 2018]; root of context hierarchy
[INFO][2018-09-1123:02:34][org.springframework.beans.factory.config.PropertyPlaceholderConfigurer]Loading properties file from class path resource [properties/jdbc.properties]
[INFO][2018-09-1123:02:34][org.springframework.beans.factory.annotation.AutowiredAnnotationBeanPostProcessor]JSR-330 'javax.inject.Inject' annotation found and supported for autowiring
[INFO][2018-09-1123:02:35][org.springframework.beans.factory.xml.XmlBeanDefinitionReader]Loading XML bean definitions from class path resource [org/springframework/jdbc/support/sql-error-codes.xml]
[INFO][2018-09-1123:02:35][org.springframework.jdbc.support.SQLErrorCodesFactory]SQLErrorCodes loaded: [DB2, Derby, H2, HSQL, Informix, MS-SQL, MySQL, Oracle, PostgreSQL, Sybase]
[INFO][2018-09-1123:02:35][org.springframework.context.support.GenericApplicationContext]Closing org.springframework.context.support.GenericApplicationContext@7921b0a2: startup date [Tue Sep 11 23:02:34 CST 2018]; root of context hierarchy
[INFO][2018-09-1123:06:50][org.springframework.beans.factory.xml.XmlBeanDefinitionReader]Loading XML bean definitions from class path resource [spring/spring-mybatis.xml]
[INFO][2018-09-1123:06:50][org.springframework.context.support.GenericApplicationContext]Refreshing org.springframework.context.support.GenericApplicationContext@7921b0a2: startup date [Tue Sep 11 23:06:50 CST 2018]; root of context hierarchy
[INFO][2018-09-1123:06:51][org.springframework.beans.factory.config.PropertyPlaceholderConfigurer]Loading properties file from class path resource [properties/jdbc.properties]
[INFO][2018-09-1123:06:51][org.springframework.beans.factory.annotation.AutowiredAnnotationBeanPostProcessor]JSR-330 'javax.inject.Inject' annotation found and supported for autowiring
[INFO][2018-09-1123:06:52][org.springframework.beans.factory.xml.XmlBeanDefinitionReader]Loading XML bean definitions from class path resource [org/springframework/jdbc/support/sql-error-codes.xml]
[INFO][2018-09-1123:06:52][org.springframework.jdbc.support.SQLErrorCodesFactory]SQLErrorCodes loaded: [DB2, Derby, H2, HSQL, Informix, MS-SQL, MySQL, Oracle, PostgreSQL, Sybase]
[INFO][2018-09-1123:06:52][org.springframework.context.support.GenericApplicationContext]Closing org.springframework.context.support.GenericApplicationContext@7921b0a2: startup date [Tue Sep 11 23:06:50 CST 2018]; root of context hierarchy
[INFO][2018-09-1123:24:09][org.springframework.beans.factory.xml.XmlBeanDefinitionReader]Loading XML bean definitions from class path resource [spring/spring-mybatis.xml]
[INFO][2018-09-1123:24:10][org.springframework.context.support.GenericApplicationContext]Refreshing org.springframework.context.support.GenericApplicationContext@573f2bb1: startup date [Tue Sep 11 23:24:10 CST 2018]; root of context hierarchy
[INFO][2018-09-1123:24:10][org.springframework.beans.factory.config.PropertyPlaceholderConfigurer]Loading properties file from class path resource [properties/jdbc.properties]
[INFO][2018-09-1123:24:10][org.springframework.beans.factory.annotation.AutowiredAnnotationBeanPostProcessor]JSR-330 'javax.inject.Inject' annotation found and supported for autowiring
[INFO][2018-09-1123:24:11][org.springframework.test.context.transaction.TransactionalTestExecutionListener]Began transaction (1) for test context [DefaultTestContext@5ab956d7 testClass = UserTest, testInstance = mapper.UserTest@3646a422, testMethod = testInsertUser@UserTest, testException = [null], mergedContextConfiguration = [MergedContextConfiguration@750e2b97 testClass = UserTest, locations = '{classpath:spring/spring-mybatis.xml}', classes = '{}', contextInitializerClasses = '[]', activeProfiles = '{}', contextLoader = 'org.springframework.test.context.support.DelegatingSmartContextLoader', parent = [null]]]; transaction manager [org.springframework.jdbc.datasource.DataSourceTransactionManager@3e27aa33]; rollback [true]
[INFO][2018-09-1123:24:11][org.springframework.beans.factory.xml.XmlBeanDefinitionReader]Loading XML bean definitions from class path resource [org/springframework/jdbc/support/sql-error-codes.xml]
[INFO][2018-09-1123:24:11][org.springframework.jdbc.support.SQLErrorCodesFactory]SQLErrorCodes loaded: [DB2, Derby, H2, HSQL, Informix, MS-SQL, MySQL, Oracle, PostgreSQL, Sybase]
[INFO][2018-09-1123:24:11][org.springframework.test.context.transaction.TransactionalTestExecutionListener]Rolled back transaction after test execution for test context [DefaultTestContext@5ab956d7 testClass = UserTest, testInstance = mapper.UserTest@3646a422, testMethod = testInsertUser@UserTest, testException = org.springframework.dao.DataIntegrityViolationException: 
### Error updating database.  Cause: com.mysql.jdbc.exceptions.jdbc4.MySQLIntegrityConstraintViolationException: Column 'user_password_hash' cannot be null
### The error may involve com.mayousheng.www.mapper.UserMapper.insert-Inline
### The error occurred while setting parameters
### SQL: insert into user (user_id, user_phone, user_password_hash,        user_agreement, user_regist_time, user_last_login_time,        subscribe_count, follower_count, receive_like_count,        receive_favorite_count, receive_worth_count,        receive_unworth_count, receive_upmarket_count,        receive_downmarket_count, receive_tip_count,        receive_comment_count, give_like_count, give_favorite_count,        give_worth_count, give_unworth_count, give_upmarket_count,        give_downmarket_count, give_tip_count, give_comment_count,        content_count, trend_count, credit_score,        nick_name, level, experience,        coin, avatar, token,        token_reserved_a, token_reserved_b, sex,        birthday, location, position,        about_me, married, sexual_orientation,        address, occupation, school,        hometown, mail, page_view,        banned, phone_verified, mail_verified       )     values (?, ?, ?,        ?, ?, ?,        ?, ?, ?,        ?, ?,        ?, ?,        ?, ?,        ?, ?, ?,        ?, ?, ?,        ?, ?, ?,        ?, ?, ?,        ?, ?, ?,        ?, ?, ?,        ?, ?, ?,        ?, ?, ?,        ?, ?, ?,        ?, ?, ?,        ?, ?, ?,        ?, ?, ?       )
### Cause: com.mysql.jdbc.exceptions.jdbc4.MySQLIntegrityConstraintViolationException: Column 'user_password_hash' cannot be null
; SQL []; Column 'user_password_hash' cannot be null; nested exception is com.mysql.jdbc.exceptions.jdbc4.MySQLIntegrityConstraintViolationException: Column 'user_password_hash' cannot be null, mergedContextConfiguration = [MergedContextConfiguration@750e2b97 testClass = UserTest, locations = '{classpath:spring/spring-mybatis.xml}', classes = '{}', contextInitializerClasses = '[]', activeProfiles = '{}', contextLoader = 'org.springframework.test.context.support.DelegatingSmartContextLoader', parent = [null]]]
[INFO][2018-09-1123:24:11][org.springframework.context.support.GenericApplicationContext]Closing org.springframework.context.support.GenericApplicationContext@573f2bb1: startup date [Tue Sep 11 23:24:10 CST 2018]; root of context hierarchy
[INFO][2018-09-1219:38:10][org.springframework.beans.factory.xml.XmlBeanDefinitionReader]Loading XML bean definitions from class path resource [spring/spring-mybatis.xml]
[INFO][2018-09-1219:38:11][org.springframework.context.support.GenericApplicationContext]Refreshing org.springframework.context.support.GenericApplicationContext@573f2bb1: startup date [Wed Sep 12 19:38:11 CST 2018]; root of context hierarchy
[INFO][2018-09-1219:38:11][org.springframework.beans.factory.config.PropertyPlaceholderConfigurer]Loading properties file from class path resource [properties/jdbc.properties]
[INFO][2018-09-1219:38:11][org.springframework.beans.factory.annotation.AutowiredAnnotationBeanPostProcessor]JSR-330 'javax.inject.Inject' annotation found and supported for autowiring
[INFO][2018-09-1219:38:12][org.springframework.test.context.transaction.TransactionalTestExecutionListener]Began transaction (1) for test context [DefaultTestContext@5ab956d7 testClass = UserTest, testInstance = mapper.UserTest@3646a422, testMethod = testInsertUser@UserTest, testException = [null], mergedContextConfiguration = [MergedContextConfiguration@750e2b97 testClass = UserTest, locations = '{classpath:spring/spring-mybatis.xml}', classes = '{}', contextInitializerClasses = '[]', activeProfiles = '{}', contextLoader = 'org.springframework.test.context.support.DelegatingSmartContextLoader', parent = [null]]]; transaction manager [org.springframework.jdbc.datasource.DataSourceTransactionManager@3e27aa33]; rollback [true]
[INFO][2018-09-1219:38:12][org.springframework.beans.factory.xml.XmlBeanDefinitionReader]Loading XML bean definitions from class path resource [org/springframework/jdbc/support/sql-error-codes.xml]
[INFO][2018-09-1219:38:12][org.springframework.jdbc.support.SQLErrorCodesFactory]SQLErrorCodes loaded: [DB2, Derby, H2, HSQL, Informix, MS-SQL, MySQL, Oracle, PostgreSQL, Sybase]
[INFO][2018-09-1219:38:12][org.springframework.test.context.transaction.TransactionalTestExecutionListener]Rolled back transaction after test execution for test context [DefaultTestContext@5ab956d7 testClass = UserTest, testInstance = mapper.UserTest@3646a422, testMethod = testInsertUser@UserTest, testException = org.springframework.dao.DataIntegrityViolationException: 
### Error updating database.  Cause: com.mysql.jdbc.exceptions.jdbc4.MySQLIntegrityConstraintViolationException: Column 'user_password_hash' cannot be null
### The error may involve com.mayousheng.www.mapper.UserMapper.insert-Inline
### The error occurred while setting parameters
### SQL: insert into user (user_id, user_phone, user_password_hash,        user_agreement, user_regist_time, user_last_login_time,        subscribe_count, follower_count, receive_like_count,        receive_favorite_count, receive_worth_count,        receive_unworth_count, receive_upmarket_count,        receive_downmarket_count, receive_tip_count,        receive_comment_count, give_like_count, give_favorite_count,        give_worth_count, give_unworth_count, give_upmarket_count,        give_downmarket_count, give_tip_count, give_comment_count,        content_count, trend_count, credit_score,        nick_name, level, experience,        coin, avatar, token,        token_reserved_a, token_reserved_b, sex,        birthday, location, position,        about_me, married, sexual_orientation,        address, occupation, school,        hometown, mail, page_view,        banned, phone_verified, mail_verified       )     values (?, ?, ?,        ?, ?, ?,        ?, ?, ?,        ?, ?,        ?, ?,        ?, ?,        ?, ?, ?,        ?, ?, ?,        ?, ?, ?,        ?, ?, ?,        ?, ?, ?,        ?, ?, ?,        ?, ?, ?,        ?, ?, ?,        ?, ?, ?,        ?, ?, ?,        ?, ?, ?,        ?, ?, ?       )
### Cause: com.mysql.jdbc.exceptions.jdbc4.MySQLIntegrityConstraintViolationException: Column 'user_password_hash' cannot be null
; SQL []; Column 'user_password_hash' cannot be null; nested exception is com.mysql.jdbc.exceptions.jdbc4.MySQLIntegrityConstraintViolationException: Column 'user_password_hash' cannot be null, mergedContextConfiguration = [MergedContextConfiguration@750e2b97 testClass = UserTest, locations = '{classpath:spring/spring-mybatis.xml}', classes = '{}', contextInitializerClasses = '[]', activeProfiles = '{}', contextLoader = 'org.springframework.test.context.support.DelegatingSmartContextLoader', parent = [null]]]
[INFO][2018-09-1219:38:12][org.springframework.context.support.GenericApplicationContext]Closing org.springframework.context.support.GenericApplicationContext@573f2bb1: startup date [Wed Sep 12 19:38:11 CST 2018]; root of context hierarchy
[INFO][2018-09-1219:38:39][org.springframework.beans.factory.xml.XmlBeanDefinitionReader]Loading XML bean definitions from class path resource [spring/spring-mybatis.xml]
[INFO][2018-09-1219:38:39][org.springframework.context.support.GenericApplicationContext]Refreshing org.springframework.context.support.GenericApplicationContext@573f2bb1: startup date [Wed Sep 12 19:38:39 CST 2018]; root of context hierarchy
[INFO][2018-09-1219:38:40][org.springframework.beans.factory.config.PropertyPlaceholderConfigurer]Loading properties file from class path resource [properties/jdbc.properties]
[INFO][2018-09-1219:38:40][org.springframework.beans.factory.annotation.AutowiredAnnotationBeanPostProcessor]JSR-330 'javax.inject.Inject' annotation found and supported for autowiring
[INFO][2018-09-1219:38:41][org.springframework.test.context.transaction.TransactionalTestExecutionListener]Began transaction (1) for test context [DefaultTestContext@5ab956d7 testClass = UserTest, testInstance = mapper.UserTest@3646a422, testMethod = testInsertUser@UserTest, testException = [null], mergedContextConfiguration = [MergedContextConfiguration@750e2b97 testClass = UserTest, locations = '{classpath:spring/spring-mybatis.xml}', classes = '{}', contextInitializerClasses = '[]', activeProfiles = '{}', contextLoader = 'org.springframework.test.context.support.DelegatingSmartContextLoader', parent = [null]]]; transaction manager [org.springframework.jdbc.datasource.DataSourceTransactionManager@3e27aa33]; rollback [true]
[INFO][2018-09-1219:38:41][org.springframework.beans.factory.xml.XmlBeanDefinitionReader]Loading XML bean definitions from class path resource [org/springframework/jdbc/support/sql-error-codes.xml]
[INFO][2018-09-1219:38:41][org.springframework.jdbc.support.SQLErrorCodesFactory]SQLErrorCodes loaded: [DB2, Derby, H2, HSQL, Informix, MS-SQL, MySQL, Oracle, PostgreSQL, Sybase]
[INFO][2018-09-1219:38:41][org.springframework.test.context.transaction.TransactionalTestExecutionListener]Rolled back transaction after test execution for test context [DefaultTestContext@5ab956d7 testClass = UserTest, testInstance = mapper.UserTest@3646a422, testMethod = testInsertUser@UserTest, testException = org.springframework.dao.DataIntegrityViolationException: 
### Error updating database.  Cause: com.mysql.jdbc.exceptions.jdbc4.MySQLIntegrityConstraintViolationException: Column 'user_password_hash' cannot be null
### The error may involve com.mayousheng.www.mapper.UserMapper.insert-Inline
### The error occurred while setting parameters
### SQL: insert into user (user_id, user_phone, user_password_hash,        user_agreement, user_regist_time, user_last_login_time,        subscribe_count, follower_count, receive_like_count,        receive_favorite_count, receive_worth_count,        receive_unworth_count, receive_upmarket_count,        receive_downmarket_count, receive_tip_count,        receive_comment_count, give_like_count, give_favorite_count,        give_worth_count, give_unworth_count, give_upmarket_count,        give_downmarket_count, give_tip_count, give_comment_count,        content_count, trend_count, credit_score,        nick_name, level, experience,        coin, avatar, token,        token_reserved_a, token_reserved_b, sex,        birthday, location, position,        about_me, married, sexual_orientation,        address, occupation, school,        hometown, mail, page_view,        banned, phone_verified, mail_verified       )     values (?, ?, ?,        ?, ?, ?,        ?, ?, ?,        ?, ?,        ?, ?,        ?, ?,        ?, ?, ?,        ?, ?, ?,        ?, ?, ?,        ?, ?, ?,        ?, ?, ?,        ?, ?, ?,        ?, ?, ?,        ?, ?, ?,        ?, ?, ?,        ?, ?, ?,        ?, ?, ?,        ?, ?, ?       )
### Cause: com.mysql.jdbc.exceptions.jdbc4.MySQLIntegrityConstraintViolationException: Column 'user_password_hash' cannot be null
; SQL []; Column 'user_password_hash' cannot be null; nested exception is com.mysql.jdbc.exceptions.jdbc4.MySQLIntegrityConstraintViolationException: Column 'user_password_hash' cannot be null, mergedContextConfiguration = [MergedContextConfiguration@750e2b97 testClass = UserTest, locations = '{classpath:spring/spring-mybatis.xml}', classes = '{}', contextInitializerClasses = '[]', activeProfiles = '{}', contextLoader = 'org.springframework.test.context.support.DelegatingSmartContextLoader', parent = [null]]]
[INFO][2018-09-1219:38:41][org.springframework.context.support.GenericApplicationContext]Closing org.springframework.context.support.GenericApplicationContext@573f2bb1: startup date [Wed Sep 12 19:38:39 CST 2018]; root of context hierarchy
[INFO][2018-09-1219:40:29][org.springframework.beans.factory.xml.XmlBeanDefinitionReader]Loading XML bean definitions from class path resource [spring/spring-mybatis.xml]
[INFO][2018-09-1219:40:29][org.springframework.context.support.GenericApplicationContext]Refreshing org.springframework.context.support.GenericApplicationContext@5c1a8622: startup date [Wed Sep 12 19:40:29 CST 2018]; root of context hierarchy
[INFO][2018-09-1219:40:29][org.springframework.beans.factory.config.PropertyPlaceholderConfigurer]Loading properties file from class path resource [properties/jdbc.properties]
[INFO][2018-09-1219:40:29][org.springframework.beans.factory.annotation.AutowiredAnnotationBeanPostProcessor]JSR-330 'javax.inject.Inject' annotation found and supported for autowiring
[INFO][2018-09-1219:40:30][org.springframework.test.context.transaction.TransactionalTestExecutionListener]Began transaction (1) for test context [DefaultTestContext@5b6813df testClass = UserTest, testInstance = mapper.UserTest@5f2606b, testMethod = testInsertUser@UserTest, testException = [null], mergedContextConfiguration = [MergedContextConfiguration@2b58f754 testClass = UserTest, locations = '{classpath:spring/spring-mybatis.xml}', classes = '{}', contextInitializerClasses = '[]', activeProfiles = '{}', contextLoader = 'org.springframework.test.context.support.DelegatingSmartContextLoader', parent = [null]]]; transaction manager [org.springframework.jdbc.datasource.DataSourceTransactionManager@3ebff828]; rollback [true]
[INFO][2018-09-1219:40:30][org.springframework.beans.factory.xml.XmlBeanDefinitionReader]Loading XML bean definitions from class path resource [org/springframework/jdbc/support/sql-error-codes.xml]
[INFO][2018-09-1219:40:30][org.springframework.jdbc.support.SQLErrorCodesFactory]SQLErrorCodes loaded: [DB2, Derby, H2, HSQL, Informix, MS-SQL, MySQL, Oracle, PostgreSQL, Sybase]
[INFO][2018-09-1219:40:30][org.springframework.test.context.transaction.TransactionalTestExecutionListener]Rolled back transaction after test execution for test context [DefaultTestContext@5b6813df testClass = UserTest, testInstance = mapper.UserTest@5f2606b, testMethod = testInsertUser@UserTest, testException = org.springframework.dao.DataIntegrityViolationException: 
### Error updating database.  Cause: com.mysql.jdbc.exceptions.jdbc4.MySQLIntegrityConstraintViolationException: Column 'user_password_hash' cannot be null
### The error may involve com.mayousheng.www.mapper.UserMapper.insert-Inline
### The error occurred while setting parameters
### SQL: insert into user (user_id, user_phone, user_password_hash,        user_agreement, user_regist_time, user_last_login_time,        subscribe_count, follower_count, receive_like_count,        receive_favorite_count, receive_worth_count,        receive_unworth_count, receive_upmarket_count,        receive_downmarket_count, receive_tip_count,        receive_comment_count, give_like_count, give_favorite_count,        give_worth_count, give_unworth_count, give_upmarket_count,        give_downmarket_count, give_tip_count, give_comment_count,        content_count, trend_count, credit_score,        nick_name, level, experience,        coin, avatar, token,        token_reserved_a, token_reserved_b, sex,        birthday, location, position,        about_me, married, sexual_orientation,        address, occupation, school,        hometown, mail, page_view,        banned, phone_verified, mail_verified       )     values (?, ?, ?,        ?, ?, ?,        ?, ?, ?,        ?, ?,        ?, ?,        ?, ?,        ?, ?, ?,        ?, ?, ?,        ?, ?, ?,        ?, ?, ?,        ?, ?, ?,        ?, ?, ?,        ?, ?, ?,        ?, ?, ?,        ?, ?, ?,        ?, ?, ?,        ?, ?, ?,        ?, ?, ?       )
### Cause: com.mysql.jdbc.exceptions.jdbc4.MySQLIntegrityConstraintViolationException: Column 'user_password_hash' cannot be null
; SQL []; Column 'user_password_hash' cannot be null; nested exception is com.mysql.jdbc.exceptions.jdbc4.MySQLIntegrityConstraintViolationException: Column 'user_password_hash' cannot be null, mergedContextConfiguration = [MergedContextConfiguration@2b58f754 testClass = UserTest, locations = '{classpath:spring/spring-mybatis.xml}', classes = '{}', contextInitializerClasses = '[]', activeProfiles = '{}', contextLoader = 'org.springframework.test.context.support.DelegatingSmartContextLoader', parent = [null]]]
[INFO][2018-09-1219:40:30][org.springframework.context.support.GenericApplicationContext]Closing org.springframework.context.support.GenericApplicationContext@5c1a8622: startup date [Wed Sep 12 19:40:29 CST 2018]; root of context hierarchy
[INFO][2018-09-1220:01:22][org.springframework.beans.factory.xml.XmlBeanDefinitionReader]Loading XML bean definitions from class path resource [spring/spring-mybatis.xml]
[INFO][2018-09-1220:01:22][org.springframework.context.support.GenericApplicationContext]Refreshing org.springframework.context.support.GenericApplicationContext@573f2bb1: startup date [Wed Sep 12 20:01:22 CST 2018]; root of context hierarchy
[INFO][2018-09-1220:01:22][org.springframework.beans.factory.config.PropertyPlaceholderConfigurer]Loading properties file from class path resource [properties/jdbc.properties]
[INFO][2018-09-1220:01:22][org.springframework.beans.factory.annotation.AutowiredAnnotationBeanPostProcessor]JSR-330 'javax.inject.Inject' annotation found and supported for autowiring
[INFO][2018-09-1220:01:23][org.springframework.test.context.transaction.TransactionalTestExecutionListener]Began transaction (1) for test context [DefaultTestContext@5ab956d7 testClass = UserTest, testInstance = mapper.UserTest@3646a422, testMethod = testSelectUser@UserTest, testException = [null], mergedContextConfiguration = [MergedContextConfiguration@750e2b97 testClass = UserTest, locations = '{classpath:spring/spring-mybatis.xml}', classes = '{}', contextInitializerClasses = '[]', activeProfiles = '{}', contextLoader = 'org.springframework.test.context.support.DelegatingSmartContextLoader', parent = [null]]]; transaction manager [org.springframework.jdbc.datasource.DataSourceTransactionManager@3e27aa33]; rollback [true]
[INFO][2018-09-1220:01:23][org.springframework.test.context.transaction.TransactionalTestExecutionListener]Rolled back transaction after test execution for test context [DefaultTestContext@5ab956d7 testClass = UserTest, testInstance = mapper.UserTest@3646a422, testMethod = testSelectUser@UserTest, testException = [null], mergedContextConfiguration = [MergedContextConfiguration@750e2b97 testClass = UserTest, locations = '{classpath:spring/spring-mybatis.xml}', classes = '{}', contextInitializerClasses = '[]', activeProfiles = '{}', contextLoader = 'org.springframework.test.context.support.DelegatingSmartContextLoader', parent = [null]]]
[INFO][2018-09-1220:01:23][org.springframework.context.support.GenericApplicationContext]Closing org.springframework.context.support.GenericApplicationContext@573f2bb1: startup date [Wed Sep 12 20:01:22 CST 2018]; root of context hierarchy
[INFO][2018-09-1220:02:01][org.springframework.beans.factory.xml.XmlBeanDefinitionReader]Loading XML bean definitions from class path resource [spring/spring-mybatis.xml]
[INFO][2018-09-1220:02:01][org.springframework.context.support.GenericApplicationContext]Refreshing org.springframework.context.support.GenericApplicationContext@573f2bb1: startup date [Wed Sep 12 20:02:01 CST 2018]; root of context hierarchy
[INFO][2018-09-1220:02:01][org.springframework.beans.factory.config.PropertyPlaceholderConfigurer]Loading properties file from class path resource [properties/jdbc.properties]
[INFO][2018-09-1220:02:01][org.springframework.beans.factory.annotation.AutowiredAnnotationBeanPostProcessor]JSR-330 'javax.inject.Inject' annotation found and supported for autowiring
[INFO][2018-09-1220:02:02][org.springframework.test.context.transaction.TransactionalTestExecutionListener]Began transaction (1) for test context [DefaultTestContext@5ab956d7 testClass = UserTest, testInstance = mapper.UserTest@3646a422, testMethod = testSelectUser@UserTest, testException = [null], mergedContextConfiguration = [MergedContextConfiguration@750e2b97 testClass = UserTest, locations = '{classpath:spring/spring-mybatis.xml}', classes = '{}', contextInitializerClasses = '[]', activeProfiles = '{}', contextLoader = 'org.springframework.test.context.support.DelegatingSmartContextLoader', parent = [null]]]; transaction manager [org.springframework.jdbc.datasource.DataSourceTransactionManager@3e27aa33]; rollback [true]
[INFO][2018-09-1220:02:02][org.springframework.test.context.transaction.TransactionalTestExecutionListener]Rolled back transaction after test execution for test context [DefaultTestContext@5ab956d7 testClass = UserTest, testInstance = mapper.UserTest@3646a422, testMethod = testSelectUser@UserTest, testException = [null], mergedContextConfiguration = [MergedContextConfiguration@750e2b97 testClass = UserTest, locations = '{classpath:spring/spring-mybatis.xml}', classes = '{}', contextInitializerClasses = '[]', activeProfiles = '{}', contextLoader = 'org.springframework.test.context.support.DelegatingSmartContextLoader', parent = [null]]]
[INFO][2018-09-1220:02:02][org.springframework.context.support.GenericApplicationContext]Closing org.springframework.context.support.GenericApplicationContext@573f2bb1: startup date [Wed Sep 12 20:02:01 CST 2018]; root of context hierarchy
[INFO][2018-09-1220:05:31][org.springframework.beans.factory.xml.XmlBeanDefinitionReader]Loading XML bean definitions from class path resource [spring/spring-mybatis.xml]
[INFO][2018-09-1220:05:32][org.springframework.context.support.GenericApplicationContext]Refreshing org.springframework.context.support.GenericApplicationContext@573f2bb1: startup date [Wed Sep 12 20:05:32 CST 2018]; root of context hierarchy
[INFO][2018-09-1220:05:32][org.springframework.beans.factory.config.PropertyPlaceholderConfigurer]Loading properties file from class path resource [properties/jdbc.properties]
[INFO][2018-09-1220:05:32][org.springframework.beans.factory.annotation.AutowiredAnnotationBeanPostProcessor]JSR-330 'javax.inject.Inject' annotation found and supported for autowiring
[INFO][2018-09-1220:05:33][org.springframework.test.context.transaction.TransactionalTestExecutionListener]Began transaction (1) for test context [DefaultTestContext@5ab956d7 testClass = UserTest, testInstance = mapper.UserTest@3646a422, testMethod = testInsertUser@UserTest, testException = [null], mergedContextConfiguration = [MergedContextConfiguration@750e2b97 testClass = UserTest, locations = '{classpath:spring/spring-mybatis.xml}', classes = '{}', contextInitializerClasses = '[]', activeProfiles = '{}', contextLoader = 'org.springframework.test.context.support.DelegatingSmartContextLoader', parent = [null]]]; transaction manager [org.springframework.jdbc.datasource.DataSourceTransactionManager@3e27aa33]; rollback [true]
[INFO][2018-09-1220:05:33][org.springframework.beans.factory.xml.XmlBeanDefinitionReader]Loading XML bean definitions from class path resource [org/springframework/jdbc/support/sql-error-codes.xml]
[INFO][2018-09-1220:05:33][org.springframework.jdbc.support.SQLErrorCodesFactory]SQLErrorCodes loaded: [DB2, Derby, H2, HSQL, Informix, MS-SQL, MySQL, Oracle, PostgreSQL, Sybase]
[INFO][2018-09-1220:05:33][org.springframework.test.context.transaction.TransactionalTestExecutionListener]Rolled back transaction after test execution for test context [DefaultTestContext@5ab956d7 testClass = UserTest, testInstance = mapper.UserTest@3646a422, testMethod = testInsertUser@UserTest, testException = org.springframework.dao.DataIntegrityViolationException: 
### Error updating database.  Cause: com.mysql.jdbc.exceptions.jdbc4.MySQLIntegrityConstraintViolationException: Column 'user_agreement' cannot be null
### The error may involve com.mayousheng.www.mapper.UserMapper.insert-Inline
### The error occurred while setting parameters
### SQL: insert into user (user_id, user_phone, user_password_hash,        user_agreement, user_regist_time, user_last_login_time,        subscribe_count, follower_count, receive_like_count,        receive_favorite_count, receive_worth_count,        receive_unworth_count, receive_upmarket_count,        receive_downmarket_count, receive_tip_count,        receive_comment_count, give_like_count, give_favorite_count,        give_worth_count, give_unworth_count, give_upmarket_count,        give_downmarket_count, give_tip_count, give_comment_count,        content_count, trend_count, credit_score,        nick_name, level, experience,        coin, avatar, token,        token_reserved_a, token_reserved_b, sex,        birthday, location, position,        about_me, married, sexual_orientation,        address, occupation, school,        hometown, mail, page_view,        banned, phone_verified, mail_verified       )     values (?, ?, ?,        ?, ?, ?,        ?, ?, ?,        ?, ?,        ?, ?,        ?, ?,        ?, ?, ?,        ?, ?, ?,        ?, ?, ?,        ?, ?, ?,        ?, ?, ?,        ?, ?, ?,        ?, ?, ?,        ?, ?, ?,        ?, ?, ?,        ?, ?, ?,        ?, ?, ?,        ?, ?, ?       )
### Cause: com.mysql.jdbc.exceptions.jdbc4.MySQLIntegrityConstraintViolationException: Column 'user_agreement' cannot be null
; SQL []; Column 'user_agreement' cannot be null; nested exception is com.mysql.jdbc.exceptions.jdbc4.MySQLIntegrityConstraintViolationException: Column 'user_agreement' cannot be null, mergedContextConfiguration = [MergedContextConfiguration@750e2b97 testClass = UserTest, locations = '{classpath:spring/spring-mybatis.xml}', classes = '{}', contextInitializerClasses = '[]', activeProfiles = '{}', contextLoader = 'org.springframework.test.context.support.DelegatingSmartContextLoader', parent = [null]]]
[INFO][2018-09-1220:05:33][org.springframework.context.support.GenericApplicationContext]Closing org.springframework.context.support.GenericApplicationContext@573f2bb1: startup date [Wed Sep 12 20:05:32 CST 2018]; root of context hierarchy
[INFO][2018-09-1220:11:05][org.springframework.beans.factory.xml.XmlBeanDefinitionReader]Loading XML bean definitions from class path resource [spring/spring-mybatis.xml]
[INFO][2018-09-1220:11:05][org.springframework.context.support.GenericApplicationContext]Refreshing org.springframework.context.support.GenericApplicationContext@573f2bb1: startup date [Wed Sep 12 20:11:05 CST 2018]; root of context hierarchy
[INFO][2018-09-1220:11:05][org.springframework.beans.factory.config.PropertyPlaceholderConfigurer]Loading properties file from class path resource [properties/jdbc.properties]
[INFO][2018-09-1220:11:05][org.springframework.beans.factory.annotation.AutowiredAnnotationBeanPostProcessor]JSR-330 'javax.inject.Inject' annotation found and supported for autowiring
[INFO][2018-09-1220:11:06][org.springframework.test.context.transaction.TransactionalTestExecutionListener]Began transaction (1) for test context [DefaultTestContext@5ab956d7 testClass = UserTest, testInstance = mapper.UserTest@3646a422, testMethod = testInsertUser@UserTest, testException = [null], mergedContextConfiguration = [MergedContextConfiguration@750e2b97 testClass = UserTest, locations = '{classpath:spring/spring-mybatis.xml}', classes = '{}', contextInitializerClasses = '[]', activeProfiles = '{}', contextLoader = 'org.springframework.test.context.support.DelegatingSmartContextLoader', parent = [null]]]; transaction manager [org.springframework.jdbc.datasource.DataSourceTransactionManager@3e27aa33]; rollback [true]
[INFO][2018-09-1220:11:06][org.springframework.test.context.transaction.TransactionalTestExecutionListener]Rolled back transaction after test execution for test context [DefaultTestContext@5ab956d7 testClass = UserTest, testInstance = mapper.UserTest@3646a422, testMethod = testInsertUser@UserTest, testException = [null], mergedContextConfiguration = [MergedContextConfiguration@750e2b97 testClass = UserTest, locations = '{classpath:spring/spring-mybatis.xml}', classes = '{}', contextInitializerClasses = '[]', activeProfiles = '{}', contextLoader = 'org.springframework.test.context.support.DelegatingSmartContextLoader', parent = [null]]]
[INFO][2018-09-1220:11:06][org.springframework.context.support.GenericApplicationContext]Closing org.springframework.context.support.GenericApplicationContext@573f2bb1: startup date [Wed Sep 12 20:11:05 CST 2018]; root of context hierarchy
[INFO][2018-09-1220:12:01][org.springframework.beans.factory.xml.XmlBeanDefinitionReader]Loading XML bean definitions from class path resource [spring/spring-mybatis.xml]
[INFO][2018-09-1220:12:01][org.springframework.context.support.GenericApplicationContext]Refreshing org.springframework.context.support.GenericApplicationContext@573f2bb1: startup date [Wed Sep 12 20:12:01 CST 2018]; root of context hierarchy
[INFO][2018-09-1220:12:01][org.springframework.beans.factory.config.PropertyPlaceholderConfigurer]Loading properties file from class path resource [properties/jdbc.properties]
[INFO][2018-09-1220:12:01][org.springframework.beans.factory.annotation.AutowiredAnnotationBeanPostProcessor]JSR-330 'javax.inject.Inject' annotation found and supported for autowiring
[INFO][2018-09-1220:12:02][org.springframework.test.context.transaction.TransactionalTestExecutionListener]Began transaction (1) for test context [DefaultTestContext@5ab956d7 testClass = UserTest, testInstance = mapper.UserTest@3646a422, testMethod = testInsertUser@UserTest, testException = [null], mergedContextConfiguration = [MergedContextConfiguration@750e2b97 testClass = UserTest, locations = '{classpath:spring/spring-mybatis.xml}', classes = '{}', contextInitializerClasses = '[]', activeProfiles = '{}', contextLoader = 'org.springframework.test.context.support.DelegatingSmartContextLoader', parent = [null]]]; transaction manager [org.springframework.jdbc.datasource.DataSourceTransactionManager@3e27aa33]; rollback [true]
[INFO][2018-09-1220:12:02][org.springframework.beans.factory.xml.XmlBeanDefinitionReader]Loading XML bean definitions from class path resource [org/springframework/jdbc/support/sql-error-codes.xml]
[INFO][2018-09-1220:12:02][org.springframework.jdbc.support.SQLErrorCodesFactory]SQLErrorCodes loaded: [DB2, Derby, H2, HSQL, Informix, MS-SQL, MySQL, Oracle, PostgreSQL, Sybase]
[INFO][2018-09-1220:12:02][org.springframework.test.context.transaction.TransactionalTestExecutionListener]Rolled back transaction after test execution for test context [DefaultTestContext@5ab956d7 testClass = UserTest, testInstance = mapper.UserTest@3646a422, testMethod = testInsertUser@UserTest, testException = org.springframework.dao.DuplicateKeyException: 
### Error updating database.  Cause: com.mysql.jdbc.exceptions.jdbc4.MySQLIntegrityConstraintViolationException: Duplicate entry '17816875157' for key 'phone_unique'
### The error may involve com.mayousheng.www.mapper.UserMapper.insertSelective-Inline
### The error occurred while setting parameters
### SQL: insert into user      ( user_phone,                       user_password_hash,                              user_regist_time,                       user_last_login_time,                                                                                                                                                                          nick_name,                                            avatar,                       token )       values ( ?,                       ?,                              ?,                       ?,                                                                                                                                                                          ?,                                            ?,                       ? )
### Cause: com.mysql.jdbc.exceptions.jdbc4.MySQLIntegrityConstraintViolationException: Duplicate entry '17816875157' for key 'phone_unique'
; SQL []; Duplicate entry '17816875157' for key 'phone_unique'; nested exception is com.mysql.jdbc.exceptions.jdbc4.MySQLIntegrityConstraintViolationException: Duplicate entry '17816875157' for key 'phone_unique', mergedContextConfiguration = [MergedContextConfiguration@750e2b97 testClass = UserTest, locations = '{classpath:spring/spring-mybatis.xml}', classes = '{}', contextInitializerClasses = '[]', activeProfiles = '{}', contextLoader = 'org.springframework.test.context.support.DelegatingSmartContextLoader', parent = [null]]]
[INFO][2018-09-1220:12:02][org.springframework.context.support.GenericApplicationContext]Closing org.springframework.context.support.GenericApplicationContext@573f2bb1: startup date [Wed Sep 12 20:12:01 CST 2018]; root of context hierarchy
[INFO][2018-09-1222:52:15][org.springframework.beans.factory.xml.XmlBeanDefinitionReader]Loading XML bean definitions from class path resource [spring/spring-mybatis.xml]
[INFO][2018-09-1222:52:15][org.springframework.context.support.GenericApplicationContext]Refreshing org.springframework.context.support.GenericApplicationContext@6d8a00e3: startup date [Wed Sep 12 22:52:15 CST 2018]; root of context hierarchy
[INFO][2018-09-1222:52:16][org.springframework.beans.factory.config.PropertyPlaceholderConfigurer]Loading properties file from class path resource [properties/jdbc.properties]
[INFO][2018-09-1222:52:16][org.springframework.beans.factory.annotation.AutowiredAnnotationBeanPostProcessor]JSR-330 'javax.inject.Inject' annotation found and supported for autowiring
[INFO][2018-09-1222:52:16][org.springframework.test.context.transaction.TransactionalTestExecutionListener]Began transaction (1) for test context [DefaultTestContext@76a4ebf2 testClass = UserTest, testInstance = mapper.UserTest@2e8c1c9b, testMethod = testInsertUser@UserTest, testException = [null], mergedContextConfiguration = [MergedContextConfiguration@53fe15ff testClass = UserTest, locations = '{classpath:spring/spring-mybatis.xml}', classes = '{}', contextInitializerClasses = '[]', activeProfiles = '{}', contextLoader = 'org.springframework.test.context.support.DelegatingSmartContextLoader', parent = [null]]]; transaction manager [org.springframework.jdbc.datasource.DataSourceTransactionManager@449a4f23]; rollback [true]
[INFO][2018-09-1222:52:17][org.springframework.beans.factory.xml.XmlBeanDefinitionReader]Loading XML bean definitions from class path resource [org/springframework/jdbc/support/sql-error-codes.xml]
[INFO][2018-09-1222:52:17][org.springframework.jdbc.support.SQLErrorCodesFactory]SQLErrorCodes loaded: [DB2, Derby, H2, HSQL, Informix, MS-SQL, MySQL, Oracle, PostgreSQL, Sybase]
[INFO][2018-09-1222:52:17][org.springframework.test.context.transaction.TransactionalTestExecutionListener]Rolled back transaction after test execution for test context [DefaultTestContext@76a4ebf2 testClass = UserTest, testInstance = mapper.UserTest@2e8c1c9b, testMethod = testInsertUser@UserTest, testException = org.springframework.dao.DuplicateKeyException: 
### Error updating database.  Cause: com.mysql.jdbc.exceptions.jdbc4.MySQLIntegrityConstraintViolationException: Duplicate entry '17816875157' for key 'phone_unique'
### The error may involve com.mayousheng.www.mapper.UserMapper.insertSelective-Inline
### The error occurred while setting parameters
### SQL: insert into user      ( user_phone,                       user_password_hash,                              user_regist_time,                       user_last_login_time,                                                                                                                                                                          nick_name,                                            avatar,                       token )       values ( ?,                       ?,                              ?,                       ?,                                                                                                                                                                          ?,                                            ?,                       ? )
### Cause: com.mysql.jdbc.exceptions.jdbc4.MySQLIntegrityConstraintViolationException: Duplicate entry '17816875157' for key 'phone_unique'
; SQL []; Duplicate entry '17816875157' for key 'phone_unique'; nested exception is com.mysql.jdbc.exceptions.jdbc4.MySQLIntegrityConstraintViolationException: Duplicate entry '17816875157' for key 'phone_unique', mergedContextConfiguration = [MergedContextConfiguration@53fe15ff testClass = UserTest, locations = '{classpath:spring/spring-mybatis.xml}', classes = '{}', contextInitializerClasses = '[]', activeProfiles = '{}', contextLoader = 'org.springframework.test.context.support.DelegatingSmartContextLoader', parent = [null]]]
[INFO][2018-09-1222:52:17][org.springframework.context.support.GenericApplicationContext]Closing org.springframework.context.support.GenericApplicationContext@6d8a00e3: startup date [Wed Sep 12 22:52:15 CST 2018]; root of context hierarchy
[INFO][2018-10-3121:33:16][org.springframework.beans.factory.xml.XmlBeanDefinitionReader]Loading XML bean definitions from class path resource [spring/spring-mybatis.xml]
[INFO][2018-10-3121:33:17][org.springframework.context.support.GenericApplicationContext]Refreshing org.springframework.context.support.GenericApplicationContext@15761df8: startup date [Wed Oct 31 21:33:17 CST 2018]; root of context hierarchy
[INFO][2018-10-3121:33:17][org.springframework.beans.factory.config.PropertyPlaceholderConfigurer]Loading properties file from class path resource [properties/jdbc.properties]
[INFO][2018-10-3121:33:17][org.springframework.beans.factory.annotation.AutowiredAnnotationBeanPostProcessor]JSR-330 'javax.inject.Inject' annotation found and supported for autowiring
[INFO][2018-10-3121:33:18][org.springframework.test.context.transaction.TransactionalTestExecutionListener]Began transaction (1) for test context [DefaultTestContext@3a1d593e testClass = UserTest, testInstance = mapper.UserTest@4a8a60bc, testMethod = testdeletenotfound@UserTest, testException = [null], mergedContextConfiguration = [MergedContextConfiguration@361c294e testClass = UserTest, locations = '{classpath:spring/spring-mybatis.xml}', classes = '{}', contextInitializerClasses = '[]', activeProfiles = '{}', contextLoader = 'org.springframework.test.context.support.DelegatingSmartContextLoader', parent = [null]]]; transaction manager [org.springframework.jdbc.datasource.DataSourceTransactionManager@7859e786]; rollback [true]
[INFO][2018-10-3121:33:18][org.springframework.test.context.transaction.TransactionalTestExecutionListener]Rolled back transaction after test execution for test context [DefaultTestContext@3a1d593e testClass = UserTest, testInstance = mapper.UserTest@4a8a60bc, testMethod = testdeletenotfound@UserTest, testException = [null], mergedContextConfiguration = [MergedContextConfiguration@361c294e testClass = UserTest, locations = '{classpath:spring/spring-mybatis.xml}', classes = '{}', contextInitializerClasses = '[]', activeProfiles = '{}', contextLoader = 'org.springframework.test.context.support.DelegatingSmartContextLoader', parent = [null]]]
[INFO][2018-10-3121:33:18][org.springframework.context.support.GenericApplicationContext]Closing org.springframework.context.support.GenericApplicationContext@15761df8: startup date [Wed Oct 31 21:33:17 CST 2018]; root of context hierarchy
[INFO][2018-10-3121:37:13][org.springframework.beans.factory.xml.XmlBeanDefinitionReader]Loading XML bean definitions from class path resource [spring/spring-mybatis.xml]
[INFO][2018-10-3121:37:14][org.springframework.context.support.GenericApplicationContext]Refreshing org.springframework.context.support.GenericApplicationContext@15761df8: startup date [Wed Oct 31 21:37:14 CST 2018]; root of context hierarchy
[INFO][2018-10-3121:37:14][org.springframework.beans.factory.config.PropertyPlaceholderConfigurer]Loading properties file from class path resource [properties/jdbc.properties]
[INFO][2018-10-3121:37:14][org.springframework.beans.factory.annotation.AutowiredAnnotationBeanPostProcessor]JSR-330 'javax.inject.Inject' annotation found and supported for autowiring
[INFO][2018-10-3121:37:15][org.springframework.test.context.transaction.TransactionalTestExecutionListener]Began transaction (1) for test context [DefaultTestContext@3a1d593e testClass = UserTest, testInstance = mapper.UserTest@4a8a60bc, testMethod = testdeletenotfound@UserTest, testException = [null], mergedContextConfiguration = [MergedContextConfiguration@361c294e testClass = UserTest, locations = '{classpath:spring/spring-mybatis.xml}', classes = '{}', contextInitializerClasses = '[]', activeProfiles = '{}', contextLoader = 'org.springframework.test.context.support.DelegatingSmartContextLoader', parent = [null]]]; transaction manager [org.springframework.jdbc.datasource.DataSourceTransactionManager@7859e786]; rollback [true]
[INFO][2018-10-3121:37:15][org.springframework.test.context.transaction.TransactionalTestExecutionListener]Rolled back transaction after test execution for test context [DefaultTestContext@3a1d593e testClass = UserTest, testInstance = mapper.UserTest@4a8a60bc, testMethod = testdeletenotfound@UserTest, testException = [null], mergedContextConfiguration = [MergedContextConfiguration@361c294e testClass = UserTest, locations = '{classpath:spring/spring-mybatis.xml}', classes = '{}', contextInitializerClasses = '[]', activeProfiles = '{}', contextLoader = 'org.springframework.test.context.support.DelegatingSmartContextLoader', parent = [null]]]
[INFO][2018-10-3121:37:15][org.springframework.context.support.GenericApplicationContext]Closing org.springframework.context.support.GenericApplicationContext@15761df8: startup date [Wed Oct 31 21:37:14 CST 2018]; root of context hierarchy
